2022-05-09 21:54:49.498  WARN main sc_cli::commands::run_cmd: Running in --dev mode, RPC CORS has been disabled.    
2022-05-09 21:54:49.498  INFO main sc_cli::runner: Darwinia Runtime Module Library    
2022-05-09 21:54:49.498  INFO main sc_cli::runner: ✌️  version 2.8.10-a5a520ef-x86_64-linux-gnu    
2022-05-09 21:54:49.498  INFO main sc_cli::runner: ❤️  by Darwinia Network <hello@darwinia.network>, 2018-2022    
2022-05-09 21:54:49.498  INFO main sc_cli::runner: 📋 Chain specification: Pangolin    
2022-05-09 21:54:49.498  INFO main sc_cli::runner: 🏷 Node name: heady-stick-4548    
2022-05-09 21:54:49.498  INFO main sc_cli::runner: 👤 Role: AUTHORITY    
2022-05-09 21:54:49.498  INFO main sc_cli::runner: 💾 Database: RocksDb at /tmp/substrateN6aiio/chains/pangolin_dev/db/full    
2022-05-09 21:54:49.498  INFO main sc_cli::runner: ⛓  Native runtime: Pangolin-28100 (Pangolin-0.tx0.au0)    
2022-05-09 21:54:49.544 ERROR main runtime::timestamp: `pallet_timestamp::UnixTime::now` is called at genesis, invalid value returned: 0    
2022-05-09 21:54:49.544  INFO main runtime::staking: [0] 💸 generated 1 npos voters, 1 from validators and 0 nominators    
2022-05-09 21:54:49.544  INFO main runtime::staking: [0] 💸 generated 1 npos voters, 1 from validators and 0 nominators    
2022-05-09 21:54:49.544  INFO main runtime::staking: [0] 💸 new validator set of size 1 has been processed for era 1    
2022-05-09 21:54:49.544 ERROR main darwinia_claims: [darwinia-claims] Genesis Claims List is Set to EMPTY    
2022-05-09 21:54:49.552  INFO main sc_service::client::client: 🔨 Initializing Genesis block/state (state: 0x0741…321d, header-hash: 0xed65…dbfa)    
2022-05-09 21:54:49.557  INFO main afg: 👴 Loading GRANDPA authority set from genesis on what appears to be first startup.    
2022-05-09 21:54:51.164  INFO main sc_consensus_slots: ⏱  Loaded block-time = 6s from block 0xed653676d911dfb3d6e32d07dacab09d772e00bbc1490c4f04d2197f23d5dbfa    
2022-05-09 21:54:51.165  INFO main babe: 👶 Creating empty BABE epoch changes on what appears to be first startup.    
2022-05-09 21:54:51.167  INFO main sub-libp2p: 🏷 Local node identity is: 12D3KooWLHEW6PX4gUEHuxnuEVCApLnNvKN9dUCPaaJ7dNRqkKjh    
2022-05-09 21:54:51.193  INFO main sc_service::builder: 📦 Highest known block at #0    
2022-05-09 21:54:51.193  INFO tokio-runtime-worker substrate_prometheus_endpoint: 〽️ Prometheus exporter started at 127.0.0.1:9615    
2022-05-09 21:54:51.194  INFO                 main parity_ws: Listening for new connections on 127.0.0.1:9944.    
2022-05-09 21:54:51.194  INFO                 main babe: 👶 Starting BABE Authorship worker    
2022-05-09 21:54:51.715  INFO ThreadId(58) parity_ws::io: Accepted a new tcp connection from 127.0.0.1:56922.    
2022-05-09 21:54:54.004  INFO tokio-runtime-worker sc_basic_authorship::basic_authorship: 🙌 Starting consensus session on top of parent 0xed653676d911dfb3d6e32d07dacab09d772e00bbc1490c4f04d2197f23d5dbfa    
2022-05-09 21:54:54.011 ERROR tokio-runtime-worker runtime::beefy-gadget: Invalid raw message root: [], exit.    
2022-05-09 21:54:54.026  INFO tokio-runtime-worker sc_basic_authorship::basic_authorship: 🎁 Prepared block for proposing at 1 [hash: 0x176600132a22e72d3148cb382eef4d5513571ec1649cb4dbbf7ea72ce1fd13cf; parent_hash: 0xed65…dbfa; extrinsics (1): [0x7a0d…2cfe]]    
2022-05-09 21:54:54.027  INFO tokio-runtime-worker babe: 🔖 Pre-sealed block for proposal at 1. Hash now 0x9091d1cea05e3c9ddbb1b62edb9debab5e9d103cb613d0697e137553d0ba1d3d, previously 0x176600132a22e72d3148cb382eef4d5513571ec1649cb4dbbf7ea72ce1fd13cf.    
2022-05-09 21:54:54.028  INFO tokio-runtime-worker babe: 👶 New epoch 0 launching at block 0x9091…1d3d (block slot 275350749 >= start slot 275350749).    
2022-05-09 21:54:54.028  INFO tokio-runtime-worker babe: 👶 Next epoch starts at slot 275351049    
2022-05-09 21:54:54.028  INFO tokio-runtime-worker substrate: ✨ Imported #1 (0x9091…1d3d)    
2022-05-09 21:54:56.195  INFO tokio-runtime-worker substrate: 💤 Idle (0 peers), best: #1 (0x9091…1d3d), finalized #0 (0xed65…dbfa), ⬇ 0 ⬆ 0    
2022-05-09 21:55:00.004  INFO tokio-runtime-worker sc_basic_authorship::basic_authorship: 🙌 Starting consensus session on top of parent 0x9091d1cea05e3c9ddbb1b62edb9debab5e9d103cb613d0697e137553d0ba1d3d    
2022-05-09 21:55:00.005 ERROR tokio-runtime-worker runtime::beefy-gadget: Invalid raw message root: [], exit.    
2022-05-09 21:55:00.008  INFO tokio-runtime-worker sc_basic_authorship::basic_authorship: 🎁 Prepared block for proposing at 2 [hash: 0xe8143e59df5fa5069503de4db6632e917b9b3ee3ab4888ea71dea58844342a82; parent_hash: 0x9091…1d3d; extrinsics (1): [0x7169…efff]]    
2022-05-09 21:55:00.011  INFO tokio-runtime-worker babe: 🔖 Pre-sealed block for proposal at 2. Hash now 0x557d8e0df963131f2061793d86ddae9bbd76d3e7bf1bf0570064931cbaf47f9b, previously 0xe8143e59df5fa5069503de4db6632e917b9b3ee3ab4888ea71dea58844342a82.    
2022-05-09 21:55:00.011  INFO tokio-runtime-worker substrate: ✨ Imported #2 (0x557d…7f9b)    
2022-05-09 21:55:01.195  INFO tokio-runtime-worker substrate: 💤 Idle (0 peers), best: #2 (0x557d…7f9b), finalized #0 (0xed65…dbfa), ⬇ 0 ⬆ 0    
2022-05-09 21:55:06.003  INFO tokio-runtime-worker sc_basic_authorship::basic_authorship: 🙌 Starting consensus session on top of parent 0x557d8e0df963131f2061793d86ddae9bbd76d3e7bf1bf0570064931cbaf47f9b    
2022-05-09 21:55:06.004 ERROR tokio-runtime-worker runtime::beefy-gadget: Invalid raw message root: [], exit.    
2022-05-09 21:55:06.005  INFO tokio-runtime-worker sc_basic_authorship::basic_authorship: 🎁 Prepared block for proposing at 3 [hash: 0x95600c42e1fcbff9b67fd361bd9b05c22437e24304153ff66fd5c88d52686fd4; parent_hash: 0x557d…7f9b; extrinsics (1): [0x496d…eac2]]    
2022-05-09 21:55:06.008  INFO tokio-runtime-worker babe: 🔖 Pre-sealed block for proposal at 3. Hash now 0xc11a56384c6ba1251612ffc3975216612fc8ce261b30fa837943add426657e1b, previously 0x95600c42e1fcbff9b67fd361bd9b05c22437e24304153ff66fd5c88d52686fd4.    
2022-05-09 21:55:06.009  INFO tokio-runtime-worker substrate: ✨ Imported #3 (0xc11a…7e1b)    
2022-05-09 21:55:06.196  INFO tokio-runtime-worker substrate: 💤 Idle (0 peers), best: #3 (0xc11a…7e1b), finalized #0 (0xed65…dbfa), ⬇ 0 ⬆ 0    
2022-05-09 21:55:11.196  INFO tokio-runtime-worker substrate: 💤 Idle (0 peers), best: #3 (0xc11a…7e1b), finalized #0 (0xed65…dbfa), ⬇ 0 ⬆ 0    
2022-05-09 21:55:12.005  INFO tokio-runtime-worker sc_basic_authorship::basic_authorship: 🙌 Starting consensus session on top of parent 0xc11a56384c6ba1251612ffc3975216612fc8ce261b30fa837943add426657e1b    
2022-05-09 21:55:12.005 ERROR tokio-runtime-worker runtime::beefy-gadget: Invalid raw message root: [], exit.    
2022-05-09 21:55:12.010  INFO tokio-runtime-worker sc_basic_authorship::basic_authorship: 🎁 Prepared block for proposing at 4 [hash: 0xf23e70bb22f90a6148e0d2ac024b7f92a5c50755d6fb0150357c58d8af5f3472; parent_hash: 0xc11a…7e1b; extrinsics (2): [0xd49a…19b2, 0xdb52…9329]]    
2022-05-09 21:55:12.013  INFO tokio-runtime-worker babe: 🔖 Pre-sealed block for proposal at 4. Hash now 0x7cb9fb0890a86af231cf19142dab93f4f4f1b3efc58cbc9ed11b20a3dbb60978, previously 0xf23e70bb22f90a6148e0d2ac024b7f92a5c50755d6fb0150357c58d8af5f3472.    
2022-05-09 21:55:12.014  INFO tokio-runtime-worker substrate: ✨ Imported #4 (0x7cb9…0978)    
2022-05-09 21:55:16.196  INFO tokio-runtime-worker substrate: 💤 Idle (0 peers), best: #4 (0x7cb9…0978), finalized #2 (0x557d…7f9b), ⬇ 0 ⬆ 0    
2022-05-09 21:55:18.005  INFO tokio-runtime-worker sc_basic_authorship::basic_authorship: 🙌 Starting consensus session on top of parent 0x7cb9fb0890a86af231cf19142dab93f4f4f1b3efc58cbc9ed11b20a3dbb60978    
2022-05-09 21:55:18.006 ERROR tokio-runtime-worker runtime::beefy-gadget: Invalid raw message root: [], exit.    
2022-05-09 21:55:18.007  INFO tokio-runtime-worker sc_basic_authorship::basic_authorship: 🎁 Prepared block for proposing at 5 [hash: 0x1b557fc0f470e54268dff5fb816d7136611734467bfd952839a751be1f14d816; parent_hash: 0x7cb9…0978; extrinsics (1): [0x8cd9…6edc]]    
2022-05-09 21:55:18.011  INFO tokio-runtime-worker babe: 🔖 Pre-sealed block for proposal at 5. Hash now 0x00f41ee2f93ee34fd50a098b5ac0f3125554130651a347ef4ecf3bfc8573bd2b, previously 0x1b557fc0f470e54268dff5fb816d7136611734467bfd952839a751be1f14d816.    
2022-05-09 21:55:18.012  INFO tokio-runtime-worker substrate: ✨ Imported #5 (0x00f4…bd2b)    
2022-05-09 21:55:21.197  INFO tokio-runtime-worker substrate: 💤 Idle (0 peers), best: #5 (0x00f4…bd2b), finalized #2 (0x557d…7f9b), ⬇ 0 ⬆ 0    
2022-05-09 21:55:24.005  INFO tokio-runtime-worker sc_basic_authorship::basic_authorship: 🙌 Starting consensus session on top of parent 0x00f41ee2f93ee34fd50a098b5ac0f3125554130651a347ef4ecf3bfc8573bd2b    
2022-05-09 21:55:24.005 ERROR tokio-runtime-worker runtime::beefy-gadget: Invalid raw message root: [], exit.    
2022-05-09 21:55:24.007  INFO tokio-runtime-worker sc_basic_authorship::basic_authorship: 🎁 Prepared block for proposing at 6 [hash: 0xa195d963c76b8f5a0ccd6352616223f00a5f5d6ec7880a38c4882d1ac054a6b7; parent_hash: 0x00f4…bd2b; extrinsics (1): [0x74d7…80b0]]    
2022-05-09 21:55:24.009  INFO tokio-runtime-worker babe: 🔖 Pre-sealed block for proposal at 6. Hash now 0x966273f7ba11d3d32ab25fcd74790c816935ee1780737801d4a1aab9038df90a, previously 0xa195d963c76b8f5a0ccd6352616223f00a5f5d6ec7880a38c4882d1ac054a6b7.    
2022-05-09 21:55:24.010  INFO tokio-runtime-worker substrate: ✨ Imported #6 (0x9662…f90a)    
2022-05-09 21:55:26.197  INFO tokio-runtime-worker substrate: 💤 Idle (0 peers), best: #6 (0x9662…f90a), finalized #3 (0xc11a…7e1b), ⬇ 0 ⬆ 0    
2022-05-09 21:55:30.005  INFO tokio-runtime-worker sc_basic_authorship::basic_authorship: 🙌 Starting consensus session on top of parent 0x966273f7ba11d3d32ab25fcd74790c816935ee1780737801d4a1aab9038df90a    
2022-05-09 21:55:30.006 ERROR tokio-runtime-worker runtime::beefy-gadget: Invalid raw message root: [], exit.    
2022-05-09 21:55:30.008  INFO tokio-runtime-worker sc_basic_authorship::basic_authorship: 🎁 Prepared block for proposing at 7 [hash: 0xaedbc66a2e654cf73228771588aae9fa16d6049479e54ce759ecd4859bbf91d3; parent_hash: 0x9662…f90a; extrinsics (1): [0xf812…e32a]]    
2022-05-09 21:55:30.012  INFO tokio-runtime-worker babe: 🔖 Pre-sealed block for proposal at 7. Hash now 0xcd42e6e6bdd7bf520f7b930bbb59cd9d63401d579f6f4cef669918fa0a81c95f, previously 0xaedbc66a2e654cf73228771588aae9fa16d6049479e54ce759ecd4859bbf91d3.    
2022-05-09 21:55:30.013  INFO tokio-runtime-worker substrate: ✨ Imported #7 (0xcd42…c95f)    
2022-05-09 21:55:31.198  INFO tokio-runtime-worker substrate: 💤 Idle (0 peers), best: #7 (0xcd42…c95f), finalized #4 (0x7cb9…0978), ⬇ 0 ⬆ 0    
2022-05-09 21:55:35.240  WARN tokio-runtime-worker beefy: 🥩 No Darwinia BEEFY digest found for: 0x00f41ee2f93ee34fd50a098b5ac0f3125554130651a347ef4ecf3bfc8573bd2b    
2022-05-09 21:55:36.005  INFO tokio-runtime-worker sc_basic_authorship::basic_authorship: 🙌 Starting consensus session on top of parent 0xcd42e6e6bdd7bf520f7b930bbb59cd9d63401d579f6f4cef669918fa0a81c95f    
2022-05-09 21:55:36.005 ERROR tokio-runtime-worker runtime::beefy-gadget: Invalid raw message root: [], exit.    
2022-05-09 21:55:36.007  INFO tokio-runtime-worker sc_basic_authorship::basic_authorship: 🎁 Prepared block for proposing at 8 [hash: 0x4f37b41ae2a3da1b2c56bef1699b2d9860daec65a60a1f1fd6cd5c8810daab05; parent_hash: 0xcd42…c95f; extrinsics (1): [0xa3c5…b591]]    
2022-05-09 21:55:36.011  INFO tokio-runtime-worker babe: 🔖 Pre-sealed block for proposal at 8. Hash now 0xe7bc2840a72a60ba87eb9d2d3616f9868437980fca7a4c565f3e6c0da4c5498b, previously 0x4f37b41ae2a3da1b2c56bef1699b2d9860daec65a60a1f1fd6cd5c8810daab05.    
2022-05-09 21:55:36.012  INFO tokio-runtime-worker substrate: ✨ Imported #8 (0xe7bc…498b)    
2022-05-09 21:55:36.198  INFO tokio-runtime-worker substrate: 💤 Idle (0 peers), best: #8 (0xe7bc…498b), finalized #5 (0x00f4…bd2b), ⬇ 0 ⬆ 0    
2022-05-09 21:55:36.632 DEBUG tokio-runtime-worker darwinia_evm_precompile_state_storage: bear: --- enter the state storage precompile, input [120, 148, 63, 183, 0, 0, 0, 0, 0, 0, 0, 0, 0, 0, 0, 0, 0, 0, 0, 0, 0, 0, 0, 0, 0, 0, 0, 0, 0, 0, 0, 0, 0, 0, 0, 32, 0, 0, 0, 0, 0, 0, 0, 0, 0, 0, 0, 0, 0, 0, 0, 0, 0, 0, 0, 0, 0, 0, 0, 0, 0, 0, 0, 0, 0, 0, 0, 32, 92, 13, 17, 118, 165, 104, 193, 249, 41, 68, 52, 13, 191, 237, 158, 156, 83, 14, 188, 167, 3, 200, 89, 16, 231, 22, 76, 183, 209, 201, 228, 123]    
2022-05-09 21:55:36.632 DEBUG tokio-runtime-worker darwinia_evm_precompile_state_storage: bear: --- selector 2022981559    
2022-05-09 21:55:36.632 DEBUG tokio-runtime-worker darwinia_evm_precompile_state_storage: bear: --- data [0, 0, 0, 0, 0, 0, 0, 0, 0, 0, 0, 0, 0, 0, 0, 0, 0, 0, 0, 0, 0, 0, 0, 0, 0, 0, 0, 0, 0, 0, 0, 32, 0, 0, 0, 0, 0, 0, 0, 0, 0, 0, 0, 0, 0, 0, 0, 0, 0, 0, 0, 0, 0, 0, 0, 0, 0, 0, 0, 0, 0, 0, 0, 32, 92, 13, 17, 118, 165, 104, 193, 249, 41, 68, 52, 13, 191, 237, 158, 156, 83, 14, 188, 167, 3, 200, 89, 16, 231, 22, 76, 183, 209, 201, 228, 123]    
2022-05-09 21:55:36.632 DEBUG tokio-runtime-worker darwinia_evm_precompile_state_storage: bear: --- enter the state get storage branch    
2022-05-09 21:55:36.632 DEBUG tokio-runtime-worker darwinia_evm_precompile_state_storage: bear: --- key [92, 13, 17, 118, 165, 104, 193, 249, 41, 68, 52, 13, 191, 237, 158, 156, 83, 14, 188, 167, 3, 200, 89, 16, 231, 22, 76, 183, 209, 201, 228, 123]    
2022-05-09 21:55:36.632 DEBUG tokio-runtime-worker darwinia_evm_precompile_state_storage: bear: --- value Some([212, 53, 147, 199, 21, 253, 211, 28, 97, 20, 26, 189, 4, 169, 159, 214, 130, 44, 133, 88, 133, 76, 205, 227, 154, 86, 132, 231, 165, 109, 162, 125])    
2022-05-09 21:55:36.632 DEBUG tokio-runtime-worker darwinia_evm_precompile_state_storage: bear: --- output Some([212, 53, 147, 199, 21, 253, 211, 28, 97, 20, 26, 189, 4, 169, 159, 214, 130, 44, 133, 88, 133, 76, 205, 227, 154, 86, 132, 231, 165, 109, 162, 125])    
2022-05-09 21:55:41.198  INFO tokio-runtime-worker substrate: 💤 Idle (0 peers), best: #8 (0xe7bc…498b), finalized #6 (0x9662…f90a), ⬇ 0 ⬆ 0    
2022-05-09 21:55:42.005  INFO tokio-runtime-worker sc_basic_authorship::basic_authorship: 🙌 Starting consensus session on top of parent 0xe7bc2840a72a60ba87eb9d2d3616f9868437980fca7a4c565f3e6c0da4c5498b    
2022-05-09 21:55:42.005 ERROR tokio-runtime-worker runtime::beefy-gadget: Invalid raw message root: [], exit.    
2022-05-09 21:55:42.006  INFO tokio-runtime-worker sc_basic_authorship::basic_authorship: 🎁 Prepared block for proposing at 9 [hash: 0xd5a341725a437274f7e8de42c0a7a3a9df2296cb75006c3512c39e21871c5f48; parent_hash: 0xe7bc…498b; extrinsics (1): [0xb4e8…4b09]]    
2022-05-09 21:55:42.010  INFO tokio-runtime-worker babe: 🔖 Pre-sealed block for proposal at 9. Hash now 0xb7697cbdc825c2404b4599173dfe701b85a3fadec36ec08f15681a12d3de8a3f, previously 0xd5a341725a437274f7e8de42c0a7a3a9df2296cb75006c3512c39e21871c5f48.    
2022-05-09 21:55:42.011  INFO tokio-runtime-worker substrate: ✨ Imported #9 (0xb769…8a3f)    
2022-05-09 21:55:46.199  INFO tokio-runtime-worker substrate: 💤 Idle (0 peers), best: #9 (0xb769…8a3f), finalized #6 (0x9662…f90a), ⬇ 0 ⬆ 0    
2022-05-09 21:55:48.002  INFO tokio-runtime-worker sc_basic_authorship::basic_authorship: 🙌 Starting consensus session on top of parent 0xb7697cbdc825c2404b4599173dfe701b85a3fadec36ec08f15681a12d3de8a3f    
2022-05-09 21:55:48.002 ERROR tokio-runtime-worker runtime::beefy-gadget: Invalid raw message root: [], exit.    
2022-05-09 21:55:48.004  INFO tokio-runtime-worker sc_basic_authorship::basic_authorship: 🎁 Prepared block for proposing at 10 [hash: 0xdd2f88c6269d1dc9d6ead5b84df381096c25e6aaf44081641576ab44b8446515; parent_hash: 0xb769…8a3f; extrinsics (1): [0x8d94…b217]]    
2022-05-09 21:55:48.007  INFO tokio-runtime-worker babe: 🔖 Pre-sealed block for proposal at 10. Hash now 0x71f71070d34a5f1613d6261ef03756ee88e032b3650c5f15890505fe2266c86b, previously 0xdd2f88c6269d1dc9d6ead5b84df381096c25e6aaf44081641576ab44b8446515.    
2022-05-09 21:55:48.007  INFO tokio-runtime-worker substrate: ✨ Imported #10 (0x71f7…c86b)    
2022-05-09 21:55:51.199  INFO tokio-runtime-worker substrate: 💤 Idle (0 peers), best: #10 (0x71f7…c86b), finalized #7 (0xcd42…c95f), ⬇ 0 ⬆ 0    
2022-05-09 21:55:54.002  INFO tokio-runtime-worker sc_basic_authorship::basic_authorship: 🙌 Starting consensus session on top of parent 0x71f71070d34a5f1613d6261ef03756ee88e032b3650c5f15890505fe2266c86b    
2022-05-09 21:55:54.003 ERROR tokio-runtime-worker runtime::beefy-gadget: Invalid raw message root: [], exit.    
2022-05-09 21:55:54.004  INFO tokio-runtime-worker sc_basic_authorship::basic_authorship: 🎁 Prepared block for proposing at 11 [hash: 0xb2d1f0182ef566d57256c6515a7dc0b39bcc64b2c3a69eb959e1056a840d0dd4; parent_hash: 0x71f7…c86b; extrinsics (1): [0xd94f…e636]]    
2022-05-09 21:55:54.005  INFO tokio-runtime-worker babe: 🔖 Pre-sealed block for proposal at 11. Hash now 0x6891e8d8c83d69970b977d25abc37a6e643962849098b0c1b5023b69144dc87a, previously 0xb2d1f0182ef566d57256c6515a7dc0b39bcc64b2c3a69eb959e1056a840d0dd4.    
2022-05-09 21:55:54.006  INFO tokio-runtime-worker substrate: ✨ Imported #11 (0x6891…c87a)    
2022-05-09 21:55:56.199  INFO tokio-runtime-worker substrate: 💤 Idle (0 peers), best: #11 (0x6891…c87a), finalized #8 (0xe7bc…498b), ⬇ 0 ⬆ 0    
2022-05-09 21:55:59.261  WARN tokio-runtime-worker beefy: 🥩 No Darwinia BEEFY digest found for: 0xb7697cbdc825c2404b4599173dfe701b85a3fadec36ec08f15681a12d3de8a3f    
2022-05-09 21:56:00.005  INFO tokio-runtime-worker sc_basic_authorship::basic_authorship: 🙌 Starting consensus session on top of parent 0x6891e8d8c83d69970b977d25abc37a6e643962849098b0c1b5023b69144dc87a    
2022-05-09 21:56:00.005 ERROR tokio-runtime-worker runtime::beefy-gadget: Invalid raw message root: [], exit.    
2022-05-09 21:56:00.007  INFO tokio-runtime-worker sc_basic_authorship::basic_authorship: 🎁 Prepared block for proposing at 12 [hash: 0xf62fc3e986494ef00b9abefcb444dc0f73190a58a66c925413e69ad2f76f1ae5; parent_hash: 0x6891…c87a; extrinsics (1): [0x0693…0897]]    
2022-05-09 21:56:00.010  INFO tokio-runtime-worker babe: 🔖 Pre-sealed block for proposal at 12. Hash now 0xb2b7e3da4f8b833641cbbc2ed019383a0b0d873a23a56c142fb3189add8fd18c, previously 0xf62fc3e986494ef00b9abefcb444dc0f73190a58a66c925413e69ad2f76f1ae5.    
2022-05-09 21:56:00.011  INFO tokio-runtime-worker substrate: ✨ Imported #12 (0xb2b7…d18c)    
2022-05-09 21:56:01.199  INFO tokio-runtime-worker substrate: 💤 Idle (0 peers), best: #12 (0xb2b7…d18c), finalized #9 (0xb769…8a3f), ⬇ 0 ⬆ 0    
2022-05-09 21:56:01.580 DEBUG tokio-runtime-worker darwinia_evm_precompile_state_storage: bear: --- enter the state storage precompile, input [120, 148, 63, 183, 0, 0, 0, 0, 0, 0, 0, 0, 0, 0, 0, 0, 0, 0, 0, 0, 0, 0, 0, 0, 0, 0, 0, 0, 0, 0, 0, 0, 0, 0, 0, 32, 0, 0, 0, 0, 0, 0, 0, 0, 0, 0, 0, 0, 0, 0, 0, 0, 0, 0, 0, 0, 0, 0, 0, 0, 0, 0, 0, 0, 0, 0, 0, 32, 92, 13, 17, 118, 165, 104, 193, 249, 41, 68, 52, 13, 191, 237, 158, 156, 83, 14, 188, 167, 3, 200, 89, 16, 231, 22, 76, 183, 209, 201, 228, 123]    
2022-05-09 21:56:01.580 DEBUG tokio-runtime-worker darwinia_evm_precompile_state_storage: bear: --- selector 2022981559    
2022-05-09 21:56:01.580 DEBUG tokio-runtime-worker darwinia_evm_precompile_state_storage: bear: --- data [0, 0, 0, 0, 0, 0, 0, 0, 0, 0, 0, 0, 0, 0, 0, 0, 0, 0, 0, 0, 0, 0, 0, 0, 0, 0, 0, 0, 0, 0, 0, 32, 0, 0, 0, 0, 0, 0, 0, 0, 0, 0, 0, 0, 0, 0, 0, 0, 0, 0, 0, 0, 0, 0, 0, 0, 0, 0, 0, 0, 0, 0, 0, 32, 92, 13, 17, 118, 165, 104, 193, 249, 41, 68, 52, 13, 191, 237, 158, 156, 83, 14, 188, 167, 3, 200, 89, 16, 231, 22, 76, 183, 209, 201, 228, 123]    
2022-05-09 21:56:01.580 DEBUG tokio-runtime-worker darwinia_evm_precompile_state_storage: bear: --- enter the state get storage branch    
2022-05-09 21:56:01.580 DEBUG tokio-runtime-worker darwinia_evm_precompile_state_storage: bear: --- key [92, 13, 17, 118, 165, 104, 193, 249, 41, 68, 52, 13, 191, 237, 158, 156, 83, 14, 188, 167, 3, 200, 89, 16, 231, 22, 76, 183, 209, 201, 228, 123]    
2022-05-09 21:56:01.580 DEBUG tokio-runtime-worker darwinia_evm_precompile_state_storage: bear: --- value Some([212, 53, 147, 199, 21, 253, 211, 28, 97, 20, 26, 189, 4, 169, 159, 214, 130, 44, 133, 88, 133, 76, 205, 227, 154, 86, 132, 231, 165, 109, 162, 125])    
2022-05-09 21:56:01.580 DEBUG tokio-runtime-worker darwinia_evm_precompile_state_storage: bear: --- output Some([212, 53, 147, 199, 21, 253, 211, 28, 97, 20, 26, 189, 4, 169, 159, 214, 130, 44, 133, 88, 133, 76, 205, 227, 154, 86, 132, 231, 165, 109, 162, 125])    
2022-05-09 21:56:06.002  INFO tokio-runtime-worker sc_basic_authorship::basic_authorship: 🙌 Starting consensus session on top of parent 0xb2b7e3da4f8b833641cbbc2ed019383a0b0d873a23a56c142fb3189add8fd18c    
2022-05-09 21:56:06.002 ERROR tokio-runtime-worker runtime::beefy-gadget: Invalid raw message root: [], exit.    
2022-05-09 21:56:06.004  INFO tokio-runtime-worker sc_basic_authorship::basic_authorship: 🎁 Prepared block for proposing at 13 [hash: 0x005650b2aecde6edbdf8643e6a422b0f6b95a02bde46ff40cb39222d7f183374; parent_hash: 0xb2b7…d18c; extrinsics (1): [0x2d79…1aa0]]    
2022-05-09 21:56:06.008  INFO tokio-runtime-worker babe: 🔖 Pre-sealed block for proposal at 13. Hash now 0x11651b1ec3da0fff1ad1d1251bbba8b1ef3f3625c301521898f616bde207dbf2, previously 0x005650b2aecde6edbdf8643e6a422b0f6b95a02bde46ff40cb39222d7f183374.    
2022-05-09 21:56:06.009  INFO tokio-runtime-worker substrate: ✨ Imported #13 (0x1165…dbf2)    
2022-05-09 21:56:06.200  INFO tokio-runtime-worker substrate: 💤 Idle (0 peers), best: #13 (0x1165…dbf2), finalized #10 (0x71f7…c86b), ⬇ 0 ⬆ 0    
2022-05-09 21:56:11.200  INFO tokio-runtime-worker substrate: 💤 Idle (0 peers), best: #13 (0x1165…dbf2), finalized #10 (0x71f7…c86b), ⬇ 0 ⬆ 0    
2022-05-09 21:56:12.004  INFO tokio-runtime-worker sc_basic_authorship::basic_authorship: 🙌 Starting consensus session on top of parent 0x11651b1ec3da0fff1ad1d1251bbba8b1ef3f3625c301521898f616bde207dbf2    
2022-05-09 21:56:12.005 ERROR tokio-runtime-worker runtime::beefy-gadget: Invalid raw message root: [], exit.    
2022-05-09 21:56:12.006  INFO tokio-runtime-worker sc_basic_authorship::basic_authorship: 🎁 Prepared block for proposing at 14 [hash: 0xccce7f1114c021f6da3334d286284de7ef7ed7c03dabc4dff7b1ee67402af602; parent_hash: 0x1165…dbf2; extrinsics (1): [0xa491…b497]]    
2022-05-09 21:56:12.007  INFO tokio-runtime-worker babe: 🔖 Pre-sealed block for proposal at 14. Hash now 0xbd1a1f0e360d590df9846dd4d2aed231d7b64db5c10fb62eec99caf6a8ab59c7, previously 0xccce7f1114c021f6da3334d286284de7ef7ed7c03dabc4dff7b1ee67402af602.    
2022-05-09 21:56:12.008  INFO tokio-runtime-worker substrate: ✨ Imported #14 (0xbd1a…59c7)    
2022-05-09 21:56:16.201  INFO tokio-runtime-worker substrate: 💤 Idle (0 peers), best: #14 (0xbd1a…59c7), finalized #12 (0xb2b7…d18c), ⬇ 0 ⬆ 0    
2022-05-09 21:56:18.002  INFO tokio-runtime-worker sc_basic_authorship::basic_authorship: 🙌 Starting consensus session on top of parent 0xbd1a1f0e360d590df9846dd4d2aed231d7b64db5c10fb62eec99caf6a8ab59c7    
2022-05-09 21:56:18.003 ERROR tokio-runtime-worker runtime::beefy-gadget: Invalid raw message root: [], exit.    
2022-05-09 21:56:18.005  INFO tokio-runtime-worker sc_basic_authorship::basic_authorship: 🎁 Prepared block for proposing at 15 [hash: 0x194086c0520426d47f3f58e14140121d995f4bb4815eeb1965a72c139ada41b3; parent_hash: 0xbd1a…59c7; extrinsics (1): [0x2741…7919]]    
2022-05-09 21:56:18.007  INFO tokio-runtime-worker babe: 🔖 Pre-sealed block for proposal at 15. Hash now 0x8a93e6250c8685edf21c6a6d1c3f9b491c5efaf32796cbcc1f74254f47731b80, previously 0x194086c0520426d47f3f58e14140121d995f4bb4815eeb1965a72c139ada41b3.    
2022-05-09 21:56:18.007  INFO tokio-runtime-worker substrate: ✨ Imported #15 (0x8a93…1b80)    
2022-05-09 21:56:21.201  INFO tokio-runtime-worker substrate: 💤 Idle (0 peers), best: #15 (0x8a93…1b80), finalized #12 (0xb2b7…d18c), ⬇ 0 ⬆ 0    
2022-05-09 21:56:24.004  INFO tokio-runtime-worker sc_basic_authorship::basic_authorship: 🙌 Starting consensus session on top of parent 0x8a93e6250c8685edf21c6a6d1c3f9b491c5efaf32796cbcc1f74254f47731b80    
2022-05-09 21:56:24.005 ERROR tokio-runtime-worker runtime::beefy-gadget: Invalid raw message root: [], exit.    
2022-05-09 21:56:24.007  INFO tokio-runtime-worker sc_basic_authorship::basic_authorship: 🎁 Prepared block for proposing at 16 [hash: 0xcf9910e9c087a2b6ea96c0e011e30d053152b2afdf35f843a30528ceeadca1ef; parent_hash: 0x8a93…1b80; extrinsics (1): [0xb4b2…8851]]    
2022-05-09 21:56:24.010  INFO tokio-runtime-worker babe: 🔖 Pre-sealed block for proposal at 16. Hash now 0x658aabc50f660c5bd79fe351294ba42cf8164195c4550fb8570111eabcf4d7bf, previously 0xcf9910e9c087a2b6ea96c0e011e30d053152b2afdf35f843a30528ceeadca1ef.    
2022-05-09 21:56:24.011  INFO tokio-runtime-worker substrate: ✨ Imported #16 (0x658a…d7bf)    
2022-05-09 21:56:26.201  INFO tokio-runtime-worker substrate: 💤 Idle (0 peers), best: #16 (0x658a…d7bf), finalized #13 (0x1165…dbf2), ⬇ 0 ⬆ 0    
2022-05-09 21:56:30.004  INFO tokio-runtime-worker sc_basic_authorship::basic_authorship: 🙌 Starting consensus session on top of parent 0x658aabc50f660c5bd79fe351294ba42cf8164195c4550fb8570111eabcf4d7bf    
2022-05-09 21:56:30.005 ERROR tokio-runtime-worker runtime::beefy-gadget: Invalid raw message root: [], exit.    
2022-05-09 21:56:30.007  INFO tokio-runtime-worker sc_basic_authorship::basic_authorship: 🎁 Prepared block for proposing at 17 [hash: 0x6c93284eaa5b96b1e00371eac522d24e8c0d7e1af04246e70b62b0ada8078121; parent_hash: 0x658a…d7bf; extrinsics (1): [0x3afb…a648]]    
2022-05-09 21:56:30.012  INFO tokio-runtime-worker babe: 🔖 Pre-sealed block for proposal at 17. Hash now 0x1a74181d9c278a71082d756b4a46576b88cc5ebbf9c5c14f6e20122f94b27b09, previously 0x6c93284eaa5b96b1e00371eac522d24e8c0d7e1af04246e70b62b0ada8078121.    
2022-05-09 21:56:30.012  INFO tokio-runtime-worker substrate: ✨ Imported #17 (0x1a74…7b09)    
2022-05-09 21:56:31.202  INFO tokio-runtime-worker substrate: 💤 Idle (0 peers), best: #17 (0x1a74…7b09), finalized #14 (0xbd1a…59c7), ⬇ 0 ⬆ 0    
2022-05-09 21:56:36.005  INFO tokio-runtime-worker sc_basic_authorship::basic_authorship: 🙌 Starting consensus session on top of parent 0x1a74181d9c278a71082d756b4a46576b88cc5ebbf9c5c14f6e20122f94b27b09    
2022-05-09 21:56:36.006 ERROR tokio-runtime-worker runtime::beefy-gadget: Invalid raw message root: [], exit.    
2022-05-09 21:56:36.008  INFO tokio-runtime-worker sc_basic_authorship::basic_authorship: 🎁 Prepared block for proposing at 18 [hash: 0xafb8d1e417866c6b5f4d86744ca4bb3550313f975d62ccdf92360ad4ac5a32b3; parent_hash: 0x1a74…7b09; extrinsics (1): [0xa3cb…791f]]    
2022-05-09 21:56:36.011  INFO tokio-runtime-worker babe: 🔖 Pre-sealed block for proposal at 18. Hash now 0xa06db11b07196ae25430515bec48164cb313780579d8ec297718d95cf7749f95, previously 0xafb8d1e417866c6b5f4d86744ca4bb3550313f975d62ccdf92360ad4ac5a32b3.    
2022-05-09 21:56:36.012  INFO tokio-runtime-worker substrate: ✨ Imported #18 (0xa06d…9f95)    
2022-05-09 21:56:36.202  INFO tokio-runtime-worker substrate: 💤 Idle (0 peers), best: #18 (0xa06d…9f95), finalized #15 (0x8a93…1b80), ⬇ 0 ⬆ 0    
2022-05-09 21:56:41.203  INFO tokio-runtime-worker substrate: 💤 Idle (0 peers), best: #18 (0xa06d…9f95), finalized #16 (0x658a…d7bf), ⬇ 0 ⬆ 0    
2022-05-09 21:56:42.004  INFO tokio-runtime-worker sc_basic_authorship::basic_authorship: 🙌 Starting consensus session on top of parent 0xa06db11b07196ae25430515bec48164cb313780579d8ec297718d95cf7749f95    
2022-05-09 21:56:42.005 ERROR tokio-runtime-worker runtime::beefy-gadget: Invalid raw message root: [], exit.    
2022-05-09 21:56:42.006  INFO tokio-runtime-worker sc_basic_authorship::basic_authorship: 🎁 Prepared block for proposing at 19 [hash: 0xb714097fe75edcaceceeebf74927a1d5185fb6fc05e666abdb6ca43dafa07cbf; parent_hash: 0xa06d…9f95; extrinsics (1): [0xe3e8…d66a]]    
2022-05-09 21:56:42.009  INFO tokio-runtime-worker babe: 🔖 Pre-sealed block for proposal at 19. Hash now 0xc2e2f561b9c7d3a034548fff7f4268d61de4f240f2dc7b83aa3abd38c6c5981b, previously 0xb714097fe75edcaceceeebf74927a1d5185fb6fc05e666abdb6ca43dafa07cbf.    
2022-05-09 21:56:42.010  INFO tokio-runtime-worker substrate: ✨ Imported #19 (0xc2e2…981b)    
2022-05-09 21:56:46.203  INFO tokio-runtime-worker substrate: 💤 Idle (0 peers), best: #19 (0xc2e2…981b), finalized #16 (0x658a…d7bf), ⬇ 0 ⬆ 0    
2022-05-09 21:56:47.306  WARN tokio-runtime-worker beefy: 🥩 No Darwinia BEEFY digest found for: 0x1a74181d9c278a71082d756b4a46576b88cc5ebbf9c5c14f6e20122f94b27b09    
2022-05-09 21:56:48.004  INFO tokio-runtime-worker sc_basic_authorship::basic_authorship: 🙌 Starting consensus session on top of parent 0xc2e2f561b9c7d3a034548fff7f4268d61de4f240f2dc7b83aa3abd38c6c5981b    
2022-05-09 21:56:48.005 ERROR tokio-runtime-worker runtime::beefy-gadget: Invalid raw message root: [], exit.    
2022-05-09 21:56:48.007  INFO tokio-runtime-worker sc_basic_authorship::basic_authorship: 🎁 Prepared block for proposing at 20 [hash: 0x317b2072c67939b2c778f8fe61bdd2f2d92fe8628c12f6e85e8db8d758302db5; parent_hash: 0xc2e2…981b; extrinsics (1): [0x3527…8a40]]    
2022-05-09 21:56:48.011  INFO tokio-runtime-worker babe: 🔖 Pre-sealed block for proposal at 20. Hash now 0x2479a3ab3143c55bb58c7f8137b38e1ce5b42f44f437c6b93d942519fc87effb, previously 0x317b2072c67939b2c778f8fe61bdd2f2d92fe8628c12f6e85e8db8d758302db5.    
2022-05-09 21:56:48.011  INFO tokio-runtime-worker substrate: ✨ Imported #20 (0x2479…effb)    
2022-05-09 21:56:51.203  INFO tokio-runtime-worker substrate: 💤 Idle (0 peers), best: #20 (0x2479…effb), finalized #17 (0x1a74…7b09), ⬇ 0 ⬆ 0    
2022-05-09 21:56:54.003  INFO tokio-runtime-worker sc_basic_authorship::basic_authorship: 🙌 Starting consensus session on top of parent 0x2479a3ab3143c55bb58c7f8137b38e1ce5b42f44f437c6b93d942519fc87effb    
2022-05-09 21:56:54.004 ERROR tokio-runtime-worker runtime::beefy-gadget: Invalid raw message root: [], exit.    
2022-05-09 21:56:54.007  INFO tokio-runtime-worker sc_basic_authorship::basic_authorship: 🎁 Prepared block for proposing at 21 [hash: 0x88a3b9654117e4bcf4553137a4f6acd6d2f38db4c0cfd571998da82fe9598891; parent_hash: 0x2479…effb; extrinsics (1): [0xdeaf…b045]]    
2022-05-09 21:56:54.010  INFO tokio-runtime-worker babe: 🔖 Pre-sealed block for proposal at 21. Hash now 0x11e310ef2198d1fffd3caf0e1d0322ebb654b8f857fd1667060fe30aca54f160, previously 0x88a3b9654117e4bcf4553137a4f6acd6d2f38db4c0cfd571998da82fe9598891.    
2022-05-09 21:56:54.010  INFO tokio-runtime-worker substrate: ✨ Imported #21 (0x11e3…f160)    
2022-05-09 21:56:56.204  INFO tokio-runtime-worker substrate: 💤 Idle (0 peers), best: #21 (0x11e3…f160), finalized #18 (0xa06d…9f95), ⬇ 0 ⬆ 0    
2022-05-09 21:57:00.005  INFO tokio-runtime-worker sc_basic_authorship::basic_authorship: 🙌 Starting consensus session on top of parent 0x11e310ef2198d1fffd3caf0e1d0322ebb654b8f857fd1667060fe30aca54f160    
2022-05-09 21:57:00.006 ERROR tokio-runtime-worker runtime::beefy-gadget: Invalid raw message root: [], exit.    
2022-05-09 21:57:00.008  INFO tokio-runtime-worker sc_basic_authorship::basic_authorship: 🎁 Prepared block for proposing at 22 [hash: 0x74a1f62b7d1a9028623264c3252cbb6c9969d186fac3aab095912734d7245113; parent_hash: 0x11e3…f160; extrinsics (1): [0xd0a0…13da]]    
2022-05-09 21:57:00.012  INFO tokio-runtime-worker babe: 🔖 Pre-sealed block for proposal at 22. Hash now 0xc506d3507f721577cde1f0578bad9b8bf3347f1f7774f3eed6a51e8b0c962ee8, previously 0x74a1f62b7d1a9028623264c3252cbb6c9969d186fac3aab095912734d7245113.    
2022-05-09 21:57:00.012  INFO tokio-runtime-worker substrate: ✨ Imported #22 (0xc506…2ee8)    
2022-05-09 21:57:01.204  INFO tokio-runtime-worker substrate: 💤 Idle (0 peers), best: #22 (0xc506…2ee8), finalized #19 (0xc2e2…981b), ⬇ 0 ⬆ 0    
2022-05-09 21:57:06.005  INFO tokio-runtime-worker sc_basic_authorship::basic_authorship: 🙌 Starting consensus session on top of parent 0xc506d3507f721577cde1f0578bad9b8bf3347f1f7774f3eed6a51e8b0c962ee8    
2022-05-09 21:57:06.005 ERROR tokio-runtime-worker runtime::beefy-gadget: Invalid raw message root: [], exit.    
2022-05-09 21:57:06.008  INFO tokio-runtime-worker sc_basic_authorship::basic_authorship: 🎁 Prepared block for proposing at 23 [hash: 0x364acde131707cadf0fd57c616f486cdc52954070a2dab8af7b613c8038b124b; parent_hash: 0xc506…2ee8; extrinsics (1): [0x2aa7…b391]]    
2022-05-09 21:57:06.012  INFO tokio-runtime-worker babe: 🔖 Pre-sealed block for proposal at 23. Hash now 0xdb350a569200f7929aa2451841d15f5f1d5db75b6e6957f3a29aa84c86dcfbe9, previously 0x364acde131707cadf0fd57c616f486cdc52954070a2dab8af7b613c8038b124b.    
2022-05-09 21:57:06.013  INFO tokio-runtime-worker substrate: ✨ Imported #23 (0xdb35…fbe9)    
2022-05-09 21:57:06.205  INFO tokio-runtime-worker substrate: 💤 Idle (0 peers), best: #23 (0xdb35…fbe9), finalized #20 (0x2479…effb), ⬇ 0 ⬆ 0    
2022-05-09 21:57:11.205  INFO tokio-runtime-worker substrate: 💤 Idle (0 peers), best: #23 (0xdb35…fbe9), finalized #20 (0x2479…effb), ⬇ 0 ⬆ 0    
2022-05-09 21:57:12.005  INFO tokio-runtime-worker sc_basic_authorship::basic_authorship: 🙌 Starting consensus session on top of parent 0xdb350a569200f7929aa2451841d15f5f1d5db75b6e6957f3a29aa84c86dcfbe9    
2022-05-09 21:57:12.006 ERROR tokio-runtime-worker runtime::beefy-gadget: Invalid raw message root: [], exit.    
2022-05-09 21:57:12.009  INFO tokio-runtime-worker sc_basic_authorship::basic_authorship: 🎁 Prepared block for proposing at 24 [hash: 0xe2a532e58c4be95420c5a6198eb9fd0be7d486a1ff8ab6eed8f3702f6fddd162; parent_hash: 0xdb35…fbe9; extrinsics (1): [0x4107…4fc4]]    
2022-05-09 21:57:12.013  INFO tokio-runtime-worker babe: 🔖 Pre-sealed block for proposal at 24. Hash now 0x8ba9a318d6ed2207f83d0e3662b94ddb2b1f5962fe715295a9751a72aa52f390, previously 0xe2a532e58c4be95420c5a6198eb9fd0be7d486a1ff8ab6eed8f3702f6fddd162.    
2022-05-09 21:57:12.014  INFO tokio-runtime-worker substrate: ✨ Imported #24 (0x8ba9…f390)    
2022-05-09 21:57:16.205  INFO tokio-runtime-worker substrate: 💤 Idle (0 peers), best: #24 (0x8ba9…f390), finalized #22 (0xc506…2ee8), ⬇ 0 ⬆ 0    
2022-05-09 21:57:18.005  INFO tokio-runtime-worker sc_basic_authorship::basic_authorship: 🙌 Starting consensus session on top of parent 0x8ba9a318d6ed2207f83d0e3662b94ddb2b1f5962fe715295a9751a72aa52f390    
2022-05-09 21:57:18.006 ERROR tokio-runtime-worker runtime::beefy-gadget: Invalid raw message root: [], exit.    
2022-05-09 21:57:18.008  INFO tokio-runtime-worker sc_basic_authorship::basic_authorship: 🎁 Prepared block for proposing at 25 [hash: 0x8e305e063a79a9916d4f41b8fe3a15065480ee4c90a383af23711c038fefb4e0; parent_hash: 0x8ba9…f390; extrinsics (1): [0xc6f2…9f69]]    
2022-05-09 21:57:18.012  INFO tokio-runtime-worker babe: 🔖 Pre-sealed block for proposal at 25. Hash now 0x1daec64bf02ab687cef13cabad88c438b7c87db77324c299cfb708af7df8c843, previously 0x8e305e063a79a9916d4f41b8fe3a15065480ee4c90a383af23711c038fefb4e0.    
2022-05-09 21:57:18.013  INFO tokio-runtime-worker substrate: ✨ Imported #25 (0x1dae…c843)    
2022-05-09 21:57:21.206  INFO tokio-runtime-worker substrate: 💤 Idle (0 peers), best: #25 (0x1dae…c843), finalized #22 (0xc506…2ee8), ⬇ 0 ⬆ 0    
2022-05-09 21:57:24.004  INFO tokio-runtime-worker sc_basic_authorship::basic_authorship: 🙌 Starting consensus session on top of parent 0x1daec64bf02ab687cef13cabad88c438b7c87db77324c299cfb708af7df8c843    
2022-05-09 21:57:24.005 ERROR tokio-runtime-worker runtime::beefy-gadget: Invalid raw message root: [], exit.    
2022-05-09 21:57:24.007  INFO tokio-runtime-worker sc_basic_authorship::basic_authorship: 🎁 Prepared block for proposing at 26 [hash: 0x7cf3878ec9b849ad445889c71bb42a5d6eee9c3530e36ead8d53c748c2e46284; parent_hash: 0x1dae…c843; extrinsics (1): [0x02d6…60ae]]    
2022-05-09 21:57:24.010  INFO tokio-runtime-worker babe: 🔖 Pre-sealed block for proposal at 26. Hash now 0x797a8997c69edd7c051a2ab46ac6b2132ea5fb7858f840ff1f37aa7f2de10c7a, previously 0x7cf3878ec9b849ad445889c71bb42a5d6eee9c3530e36ead8d53c748c2e46284.    
2022-05-09 21:57:24.011  INFO tokio-runtime-worker substrate: ✨ Imported #26 (0x797a…0c7a)    
2022-05-09 21:57:26.206  INFO tokio-runtime-worker substrate: 💤 Idle (0 peers), best: #26 (0x797a…0c7a), finalized #23 (0xdb35…fbe9), ⬇ 0 ⬆ 0    
2022-05-09 21:57:30.004  INFO tokio-runtime-worker sc_basic_authorship::basic_authorship: 🙌 Starting consensus session on top of parent 0x797a8997c69edd7c051a2ab46ac6b2132ea5fb7858f840ff1f37aa7f2de10c7a    
2022-05-09 21:57:30.005 ERROR tokio-runtime-worker runtime::beefy-gadget: Invalid raw message root: [], exit.    
2022-05-09 21:57:30.008  INFO tokio-runtime-worker sc_basic_authorship::basic_authorship: 🎁 Prepared block for proposing at 27 [hash: 0x618376dd7f0f5887b4233c333ed8760e2b19ee95f84ea4d0d08530854dd7abfc; parent_hash: 0x797a…0c7a; extrinsics (1): [0x9f00…0669]]    
2022-05-09 21:57:30.011  INFO tokio-runtime-worker babe: 🔖 Pre-sealed block for proposal at 27. Hash now 0xd4144082ec65aac3f61b17550975a34dd6bc6e2063a1a33d9dc0487eb7d28981, previously 0x618376dd7f0f5887b4233c333ed8760e2b19ee95f84ea4d0d08530854dd7abfc.    
2022-05-09 21:57:30.012  INFO tokio-runtime-worker substrate: ✨ Imported #27 (0xd414…8981)    
2022-05-09 21:57:31.207  INFO tokio-runtime-worker substrate: 💤 Idle (0 peers), best: #27 (0xd414…8981), finalized #24 (0x8ba9…f390), ⬇ 0 ⬆ 0    
